<?xml version="1.0" encoding="UTF-8"?>
<!-- Generated by org.testng.reporters.JUnitXMLReporter -->
<testsuite hostname="BA-000179378" ignored="0" name="HomePageOpenCartTest Test" tests="4" failures="0" timestamp="21 Feb 2023 17:53:16 GMT" time="13.611" errors="0">
  <testcase name="LogoIsPresent" time="0.04" classname="testngSessions.HomePageOpenCartTest"/>
  <testcase name="footerLinkCount" time="0.014" classname="testngSessions.HomePageOpenCartTest"/>
  <testcase name="getTitle" time="0.007" classname="testngSessions.HomePageOpenCartTest"/>
  <testcase name="getUrl" time="0.007" classname="testngSessions.HomePageOpenCartTest"/>
</testsuite> <!-- HomePageOpenCartTest Test -->
