<?xml version="1.0" encoding="UTF-8"?>
<!-- Generated by org.testng.reporters.JUnitXMLReporter -->
<testsuite hostname="BA-000179378" ignored="0" name="LogInOpenCart Test" tests="3" failures="0" timestamp="21 Feb 2023 17:53:12 GMT" time="9.669" errors="0">
  <testcase name="headerList" time="0.175" classname="testngSessions.LogInOpenCartTest"/>
  <testcase name="logIn" time="0.682" classname="testngSessions.LogInOpenCartTest"/>
  <testcase name="h2ListSize" time="0.023" classname="testngSessions.LogInOpenCartTest"/>
</testsuite> <!-- LogInOpenCart Test -->
