<?xml version="1.0" encoding="UTF-8"?>
<testng-results skipped="0" failed="1" ignored="0" total="8" passed="7">
  <reporter-output>
  </reporter-output>
  <suite name="TestNG Regression Suite" duration-ms="24684" started-at="2023-02-21T17:53:03Z" finished-at="2023-02-21T17:53:27Z">
    <groups>
    </groups>
    <test name="LogInOpenCart Test" duration-ms="9669" started-at="2023-02-21T17:53:03Z" finished-at="2023-02-21T17:53:12Z">
      <class name="testngSessions.LogInOpenCartTest">
        <test-method status="PASS" signature="setUp(java.lang.String, java.lang.String)[pri:0, instance:testngSessions.LogInOpenCartTest@2ac273d3]" name="setUp" is-config="true" duration-ms="7804" started-at="2023-02-21T17:53:03Z" finished-at="2023-02-21T17:53:10Z">
          <params>
            <param index="0">
              <value>
                <![CDATA[https://naveenautomationlabs.com/opencart/index.php?route=account/login]]>
              </value>
            </param>
            <param index="1">
              <value>
                <![CDATA[chrome]]>
              </value>
            </param>
          </params>
          <reporter-output>
          </reporter-output>
        </test-method> <!-- setUp -->
        <test-method status="PASS" signature="headerList()[pri:1, instance:testngSessions.LogInOpenCartTest@2ac273d3]" name="headerList" duration-ms="175" started-at="2023-02-21T17:53:10Z" finished-at="2023-02-21T17:53:11Z">
          <reporter-output>
          </reporter-output>
        </test-method> <!-- headerList -->
        <test-method status="PASS" signature="logIn()[pri:1, instance:testngSessions.LogInOpenCartTest@2ac273d3]" name="logIn" duration-ms="682" started-at="2023-02-21T17:53:11Z" finished-at="2023-02-21T17:53:11Z">
          <reporter-output>
          </reporter-output>
        </test-method> <!-- logIn -->
        <test-method status="PASS" signature="h2ListSize()[pri:3, instance:testngSessions.LogInOpenCartTest@2ac273d3]" name="h2ListSize" duration-ms="23" started-at="2023-02-21T17:53:11Z" finished-at="2023-02-21T17:53:11Z">
          <reporter-output>
          </reporter-output>
        </test-method> <!-- h2ListSize -->
        <test-method status="PASS" signature="tearDown()[pri:0, instance:testngSessions.LogInOpenCartTest@2ac273d3]" name="tearDown" is-config="true" duration-ms="958" started-at="2023-02-21T17:53:11Z" finished-at="2023-02-21T17:53:12Z">
          <reporter-output>
          </reporter-output>
        </test-method> <!-- tearDown -->
      </class> <!-- testngSessions.LogInOpenCartTest -->
    </test> <!-- LogInOpenCart Test -->
    <test name="HomePageOpenCartTest Test" duration-ms="13611" started-at="2023-02-21T17:53:03Z" finished-at="2023-02-21T17:53:16Z">
      <class name="testngSessions.HomePageOpenCartTest">
        <test-method status="PASS" signature="setUp(java.lang.String, java.lang.String)[pri:0, instance:testngSessions.HomePageOpenCartTest@59494225]" name="setUp" is-config="true" duration-ms="12829" started-at="2023-02-21T17:53:03Z" finished-at="2023-02-21T17:53:15Z">
          <params>
            <param index="0">
              <value>
                <![CDATA[https://naveenautomationlabs.com/opencart/index.php?route=common/home]]>
              </value>
            </param>
            <param index="1">
              <value>
                <![CDATA[chrome]]>
              </value>
            </param>
          </params>
          <reporter-output>
          </reporter-output>
        </test-method> <!-- setUp -->
        <test-method status="PASS" signature="LogoIsPresent()[pri:0, instance:testngSessions.HomePageOpenCartTest@59494225]" name="LogoIsPresent" duration-ms="40" started-at="2023-02-21T17:53:15Z" finished-at="2023-02-21T17:53:15Z">
          <reporter-output>
          </reporter-output>
        </test-method> <!-- LogoIsPresent -->
        <test-method status="PASS" signature="footerLinkCount()[pri:0, instance:testngSessions.HomePageOpenCartTest@59494225]" name="footerLinkCount" duration-ms="14" started-at="2023-02-21T17:53:15Z" finished-at="2023-02-21T17:53:15Z">
          <reporter-output>
          </reporter-output>
        </test-method> <!-- footerLinkCount -->
        <test-method status="PASS" signature="getTitle()[pri:0, instance:testngSessions.HomePageOpenCartTest@59494225]" name="getTitle" duration-ms="7" started-at="2023-02-21T17:53:15Z" finished-at="2023-02-21T17:53:16Z">
          <reporter-output>
          </reporter-output>
        </test-method> <!-- getTitle -->
        <test-method status="PASS" signature="getUrl()[pri:0, instance:testngSessions.HomePageOpenCartTest@59494225]" name="getUrl" duration-ms="7" started-at="2023-02-21T17:53:16Z" finished-at="2023-02-21T17:53:16Z">
          <reporter-output>
          </reporter-output>
        </test-method> <!-- getUrl -->
        <test-method status="PASS" signature="tearDown()[pri:0, instance:testngSessions.HomePageOpenCartTest@59494225]" name="tearDown" is-config="true" duration-ms="705" started-at="2023-02-21T17:53:16Z" finished-at="2023-02-21T17:53:16Z">
          <reporter-output>
          </reporter-output>
        </test-method> <!-- tearDown -->
      </class> <!-- testngSessions.HomePageOpenCartTest -->
    </test> <!-- HomePageOpenCartTest Test -->
    <test name="RegisterPageOpenCark Test" duration-ms="24684" started-at="2023-02-21T17:53:03Z" finished-at="2023-02-21T17:53:27Z">
      <class name="testngSessions.RegisterPageOpenCarkTest">
        <test-method status="PASS" signature="setUp(java.lang.String, java.lang.String)[pri:0, instance:testngSessions.RegisterPageOpenCarkTest@3327bd23]" name="setUp" is-config="true" duration-ms="11104" started-at="2023-02-21T17:53:03Z" finished-at="2023-02-21T17:53:14Z">
          <params>
            <param index="0">
              <value>
                <![CDATA[https://naveenautomationlabs.com/opencart/index.php?route=account/register]]>
              </value>
            </param>
            <param index="1">
              <value>
                <![CDATA[edge]]>
              </value>
            </param>
          </params>
          <reporter-output>
          </reporter-output>
        </test-method> <!-- setUp -->
        <test-method status="FAIL" signature="creatUser()[pri:0, instance:testngSessions.RegisterPageOpenCarkTest@3327bd23]" name="creatUser" duration-ms="12658" started-at="2023-02-21T17:53:14Z" finished-at="2023-02-21T17:53:26Z">
          <exception class="org.openqa.selenium.TimeoutException">
            <message>
              <![CDATA[Expected condition failed: waiting for title to contain "Your Account Has Been Created!". Current title: "Register Account" (tried for 10 second(s) with 500 milliseconds interval)
Build info: version: '4.7.2', revision: '4d4020c3b7'
System info: os.name: 'Windows 10', os.arch: 'amd64', os.version: '10.0', java.version: '1.8.0_162'
Driver info: org.openqa.selenium.edge.EdgeDriver
Capabilities {acceptInsecureCerts: false, browserName: msedge, browserVersion: 110.0.1587.50, ms:edgeOptions: {debuggerAddress: localhost:51207}, msedge: {msedgedriverVersion: 110.0.1587.50 (05bf83b2e806..., userDataDir: C:\Users\KMA66F~1.AKS\AppDa...}, networkConnectionEnabled: false, pageLoadStrategy: normal, platformName: WINDOWS, proxy: Proxy(), se:cdp: ws://localhost:51207/devtoo..., se:cdpVersion: 110.0.1587.50, setWindowRect: true, strictFileInteractability: false, timeouts: {implicit: 0, pageLoad: 300000, script: 30000}, unhandledPromptBehavior: dismiss and notify, webauthn:extension:credBlob: true, webauthn:extension:largeBlob: true, webauthn:virtualAuthenticators: true}
Session ID: f6773f787b81e4d82fbe209f5ddb3d23]]>
            </message>
            <full-stacktrace>
              <![CDATA[org.openqa.selenium.TimeoutException: Expected condition failed: waiting for title to contain "Your Account Has Been Created!". Current title: "Register Account" (tried for 10 second(s) with 500 milliseconds interval)
Build info: version: '4.7.2', revision: '4d4020c3b7'
System info: os.name: 'Windows 10', os.arch: 'amd64', os.version: '10.0', java.version: '1.8.0_162'
Driver info: org.openqa.selenium.edge.EdgeDriver
Capabilities {acceptInsecureCerts: false, browserName: msedge, browserVersion: 110.0.1587.50, ms:edgeOptions: {debuggerAddress: localhost:51207}, msedge: {msedgedriverVersion: 110.0.1587.50 (05bf83b2e806..., userDataDir: C:\Users\KMA66F~1.AKS\AppDa...}, networkConnectionEnabled: false, pageLoadStrategy: normal, platformName: WINDOWS, proxy: Proxy(), se:cdp: ws://localhost:51207/devtoo..., se:cdpVersion: 110.0.1587.50, setWindowRect: true, strictFileInteractability: false, timeouts: {implicit: 0, pageLoad: 300000, script: 30000}, unhandledPromptBehavior: dismiss and notify, webauthn:extension:credBlob: true, webauthn:extension:largeBlob: true, webauthn:virtualAuthenticators: true}
Session ID: f6773f787b81e4d82fbe209f5ddb3d23
at org.openqa.selenium.support.ui.WebDriverWait.timeoutException(WebDriverWait.java:87)
at org.openqa.selenium.support.ui.FluentWait.until(FluentWait.java:231)
at testngSessions.RegisterPageOpenCarkTest.creatUser(RegisterPageOpenCarkTest.java:29)
at sun.reflect.NativeMethodAccessorImpl.invoke0(Native Method)
at sun.reflect.NativeMethodAccessorImpl.invoke(NativeMethodAccessorImpl.java:62)
at sun.reflect.DelegatingMethodAccessorImpl.invoke(DelegatingMethodAccessorImpl.java:43)
at java.lang.reflect.Method.invoke(Method.java:498)
at org.testng.internal.MethodInvocationHelper.invokeMethod(MethodInvocationHelper.java:124)
at org.testng.internal.Invoker.invokeMethod(Invoker.java:583)
at org.testng.internal.Invoker.invokeTestMethod(Invoker.java:719)
at org.testng.internal.Invoker.invokeTestMethods(Invoker.java:989)
at org.testng.internal.TestMethodWorker.invokeTestMethods(TestMethodWorker.java:125)
at org.testng.internal.TestMethodWorker.run(TestMethodWorker.java:109)
at org.testng.TestRunner.privateRun(TestRunner.java:648)
at org.testng.TestRunner.run(TestRunner.java:505)
at org.testng.SuiteRunner.runTest(SuiteRunner.java:455)
at org.testng.SuiteRunner.access$000(SuiteRunner.java:40)
at org.testng.SuiteRunner$SuiteWorker.run(SuiteRunner.java:489)
at org.testng.internal.thread.ThreadUtil$1.call(ThreadUtil.java:52)
at java.util.concurrent.FutureTask.run(FutureTask.java:266)
at java.util.concurrent.ThreadPoolExecutor.runWorker(ThreadPoolExecutor.java:1149)
at java.util.concurrent.ThreadPoolExecutor$Worker.run(ThreadPoolExecutor.java:624)
at java.lang.Thread.run(Thread.java:748)
]]>
            </full-stacktrace>
          </exception> <!-- org.openqa.selenium.TimeoutException -->
          <reporter-output>
          </reporter-output>
        </test-method> <!-- creatUser -->
        <test-method status="PASS" signature="tearDown()[pri:0, instance:testngSessions.RegisterPageOpenCarkTest@3327bd23]" name="tearDown" is-config="true" duration-ms="916" started-at="2023-02-21T17:53:26Z" finished-at="2023-02-21T17:53:27Z">
          <reporter-output>
          </reporter-output>
        </test-method> <!-- tearDown -->
      </class> <!-- testngSessions.RegisterPageOpenCarkTest -->
    </test> <!-- RegisterPageOpenCark Test -->
  </suite> <!-- TestNG Regression Suite -->
</testng-results>
